Performing C++ SOURCE FILE Test COMPILER_SUPPORT_Wshorten64to32 failed with the following output:
Change Dir: /home/cs18/eigen-eigen-323c052e1731/build/CMakeFiles/CMakeTmp

Run Build Command:"/usr/bin/make" "cmTC_37044/fast"
/usr/bin/make -f CMakeFiles/cmTC_37044.dir/build.make CMakeFiles/cmTC_37044.dir/build
make[1]: Entering directory '/home/cs18/eigen-eigen-323c052e1731/build/CMakeFiles/CMakeTmp'
Building CXX object CMakeFiles/cmTC_37044.dir/src.cxx.o
/usr/bin/c++    -std=c++03 -pedantic -Wall -Wextra -Wundef -Wcast-align -Wchar-subscripts -Wnon-virtual-dtor -Wunused-local-typedefs -Wpointer-arith -Wwrite-strings -Wformat-security -DCOMPILER_SUPPORT_Wshorten64to32 -Werror   -Wshorten-64-to-32 -o CMakeFiles/cmTC_37044.dir/src.cxx.o -c /home/cs18/eigen-eigen-323c052e1731/build/CMakeFiles/CMakeTmp/src.cxx
c++: error: unrecognized command line option '-Wshorten-64-to-32'
CMakeFiles/cmTC_37044.dir/build.make:65: recipe for target 'CMakeFiles/cmTC_37044.dir/src.cxx.o' failed
make[1]: *** [CMakeFiles/cmTC_37044.dir/src.cxx.o] Error 1
make[1]: Leaving directory '/home/cs18/eigen-eigen-323c052e1731/build/CMakeFiles/CMakeTmp'
Makefile:126: recipe for target 'cmTC_37044/fast' failed
make: *** [cmTC_37044/fast] Error 2

Source file was:
int main() { return 0; }
Performing C++ SOURCE FILE Test COMPILER_SUPPORT_Wenumconversion failed with the following output:
Change Dir: /home/cs18/eigen-eigen-323c052e1731/build/CMakeFiles/CMakeTmp

Run Build Command:"/usr/bin/make" "cmTC_d886e/fast"
/usr/bin/make -f CMakeFiles/cmTC_d886e.dir/build.make CMakeFiles/cmTC_d886e.dir/build
make[1]: Entering directory '/home/cs18/eigen-eigen-323c052e1731/build/CMakeFiles/CMakeTmp'
Building CXX object CMakeFiles/cmTC_d886e.dir/src.cxx.o
/usr/bin/c++    -std=c++03 -pedantic -Wall -Wextra -Wundef -Wcast-align -Wchar-subscripts -Wnon-virtual-dtor -Wunused-local-typedefs -Wpointer-arith -Wwrite-strings -Wformat-security -Wlogical-op -DCOMPILER_SUPPORT_Wenumconversion -Werror   -Wenum-conversion -o CMakeFiles/cmTC_d886e.dir/src.cxx.o -c /home/cs18/eigen-eigen-323c052e1731/build/CMakeFiles/CMakeTmp/src.cxx
c++: error: unrecognized command line option '-Wenum-conversion'; did you mean '-Wno-conversion'?
CMakeFiles/cmTC_d886e.dir/build.make:65: recipe for target 'CMakeFiles/cmTC_d886e.dir/src.cxx.o' failed
make[1]: *** [CMakeFiles/cmTC_d886e.dir/src.cxx.o] Error 1
make[1]: Leaving directory '/home/cs18/eigen-eigen-323c052e1731/build/CMakeFiles/CMakeTmp'
Makefile:126: recipe for target 'cmTC_d886e/fast' failed
make: *** [cmTC_d886e/fast] Error 2

Source file was:
int main() { return 0; }
Performing C++ SOURCE FILE Test COMPILER_SUPPORT_Wcpp11extensions failed with the following output:
Change Dir: /home/cs18/eigen-eigen-323c052e1731/build/CMakeFiles/CMakeTmp

Run Build Command:"/usr/bin/make" "cmTC_97ced/fast"
/usr/bin/make -f CMakeFiles/cmTC_97ced.dir/build.make CMakeFiles/cmTC_97ced.dir/build
make[1]: Entering directory '/home/cs18/eigen-eigen-323c052e1731/build/CMakeFiles/CMakeTmp'
Building CXX object CMakeFiles/cmTC_97ced.dir/src.cxx.o
/usr/bin/c++    -std=c++03 -pedantic -Wall -Wextra -Wundef -Wcast-align -Wchar-subscripts -Wnon-virtual-dtor -Wunused-local-typedefs -Wpointer-arith -Wwrite-strings -Wformat-security -Wlogical-op -DCOMPILER_SUPPORT_Wcpp11extensions -Werror   -Wc++11-extensions -o CMakeFiles/cmTC_97ced.dir/src.cxx.o -c /home/cs18/eigen-eigen-323c052e1731/build/CMakeFiles/CMakeTmp/src.cxx
c++: error: unrecognized command line option '-Wc++11-extensions'; did you mean '-fms-extensions'?
CMakeFiles/cmTC_97ced.dir/build.make:65: recipe for target 'CMakeFiles/cmTC_97ced.dir/src.cxx.o' failed
make[1]: *** [CMakeFiles/cmTC_97ced.dir/src.cxx.o] Error 1
make[1]: Leaving directory '/home/cs18/eigen-eigen-323c052e1731/build/CMakeFiles/CMakeTmp'
Makefile:126: recipe for target 'cmTC_97ced/fast' failed
make: *** [cmTC_97ced/fast] Error 2

Source file was:
int main() { return 0; }
Performing C++ SOURCE FILE Test COMPILER_SUPPORT_wd981 failed with the following output:
Change Dir: /home/cs18/eigen-eigen-323c052e1731/build/CMakeFiles/CMakeTmp

Run Build Command:"/usr/bin/make" "cmTC_e867c/fast"
/usr/bin/make -f CMakeFiles/cmTC_e867c.dir/build.make CMakeFiles/cmTC_e867c.dir/build
make[1]: Entering directory '/home/cs18/eigen-eigen-323c052e1731/build/CMakeFiles/CMakeTmp'
Building CXX object CMakeFiles/cmTC_e867c.dir/src.cxx.o
/usr/bin/c++    -std=c++03 -pedantic -Wall -Wextra -Wundef -Wcast-align -Wchar-subscripts -Wnon-virtual-dtor -Wunused-local-typedefs -Wpointer-arith -Wwrite-strings -Wformat-security -Wlogical-op -Wdouble-promotion -Wno-psabi -Wno-variadic-macros -Wno-long-long -fno-check-new -fno-common -fstrict-aliasing -DCOMPILER_SUPPORT_wd981 -Werror   -wd981 -o CMakeFiles/cmTC_e867c.dir/src.cxx.o -c /home/cs18/eigen-eigen-323c052e1731/build/CMakeFiles/CMakeTmp/src.cxx
c++: error: unrecognized command line option '-wd981'
CMakeFiles/cmTC_e867c.dir/build.make:65: recipe for target 'CMakeFiles/cmTC_e867c.dir/src.cxx.o' failed
make[1]: *** [CMakeFiles/cmTC_e867c.dir/src.cxx.o] Error 1
make[1]: Leaving directory '/home/cs18/eigen-eigen-323c052e1731/build/CMakeFiles/CMakeTmp'
Makefile:126: recipe for target 'cmTC_e867c/fast' failed
make: *** [cmTC_e867c/fast] Error 2

Source file was:
int main() { return 0; }
Performing C++ SOURCE FILE Test COMPILER_SUPPORT_wd2304 failed with the following output:
Change Dir: /home/cs18/eigen-eigen-323c052e1731/build/CMakeFiles/CMakeTmp

Run Build Command:"/usr/bin/make" "cmTC_051ba/fast"
/usr/bin/make -f CMakeFiles/cmTC_051ba.dir/build.make CMakeFiles/cmTC_051ba.dir/build
make[1]: Entering directory '/home/cs18/eigen-eigen-323c052e1731/build/CMakeFiles/CMakeTmp'
Building CXX object CMakeFiles/cmTC_051ba.dir/src.cxx.o
/usr/bin/c++    -std=c++03 -pedantic -Wall -Wextra -Wundef -Wcast-align -Wchar-subscripts -Wnon-virtual-dtor -Wunused-local-typedefs -Wpointer-arith -Wwrite-strings -Wformat-security -Wlogical-op -Wdouble-promotion -Wno-psabi -Wno-variadic-macros -Wno-long-long -fno-check-new -fno-common -fstrict-aliasing -DCOMPILER_SUPPORT_wd2304 -Werror   -wd2304 -o CMakeFiles/cmTC_051ba.dir/src.cxx.o -c /home/cs18/eigen-eigen-323c052e1731/build/CMakeFiles/CMakeTmp/src.cxx
c++: error: unrecognized command line option '-wd2304'
CMakeFiles/cmTC_051ba.dir/build.make:65: recipe for target 'CMakeFiles/cmTC_051ba.dir/src.cxx.o' failed
make[1]: *** [CMakeFiles/cmTC_051ba.dir/src.cxx.o] Error 1
make[1]: Leaving directory '/home/cs18/eigen-eigen-323c052e1731/build/CMakeFiles/CMakeTmp'
Makefile:126: recipe for target 'cmTC_051ba/fast' failed
make: *** [cmTC_051ba/fast] Error 2

Source file was:
int main() { return 0; }
Performing C++ SOURCE FILE Test COMPILER_SUPPORT_STRICTANSI failed with the following output:
Change Dir: /home/cs18/eigen-eigen-323c052e1731/build/CMakeFiles/CMakeTmp

Run Build Command:"/usr/bin/make" "cmTC_87618/fast"
/usr/bin/make -f CMakeFiles/cmTC_87618.dir/build.make CMakeFiles/cmTC_87618.dir/build
make[1]: Entering directory '/home/cs18/eigen-eigen-323c052e1731/build/CMakeFiles/CMakeTmp'
Building CXX object CMakeFiles/cmTC_87618.dir/src.cxx.o
/usr/bin/c++    -std=c++03 -pedantic -Wall -Wextra -Wundef -Wcast-align -Wchar-subscripts -Wnon-virtual-dtor -Wunused-local-typedefs -Wpointer-arith -Wwrite-strings -Wformat-security -Wlogical-op -Wdouble-promotion -Wno-psabi -Wno-variadic-macros -Wno-long-long -fno-check-new -fno-common -fstrict-aliasing -DCOMPILER_SUPPORT_STRICTANSI -Werror   -strict-ansi -o CMakeFiles/cmTC_87618.dir/src.cxx.o -c /home/cs18/eigen-eigen-323c052e1731/build/CMakeFiles/CMakeTmp/src.cxx
c++: error: unrecognized command line option '-strict-ansi'; did you mean '-fstrict-enums'?
CMakeFiles/cmTC_87618.dir/build.make:65: recipe for target 'CMakeFiles/cmTC_87618.dir/src.cxx.o' failed
make[1]: *** [CMakeFiles/cmTC_87618.dir/src.cxx.o] Error 1
make[1]: Leaving directory '/home/cs18/eigen-eigen-323c052e1731/build/CMakeFiles/CMakeTmp'
Makefile:126: recipe for target 'cmTC_87618/fast' failed
make: *** [cmTC_87618/fast] Error 2

Source file was:
int main() { return 0; }
Performing C++ SOURCE FILE Test COMPILER_SUPPORT_Qunusedarguments failed with the following output:
Change Dir: /home/cs18/eigen-eigen-323c052e1731/build/CMakeFiles/CMakeTmp

Run Build Command:"/usr/bin/make" "cmTC_6ef1e/fast"
/usr/bin/make -f CMakeFiles/cmTC_6ef1e.dir/build.make CMakeFiles/cmTC_6ef1e.dir/build
make[1]: Entering directory '/home/cs18/eigen-eigen-323c052e1731/build/CMakeFiles/CMakeTmp'
Building CXX object CMakeFiles/cmTC_6ef1e.dir/src.cxx.o
/usr/bin/c++    -std=c++03 -pedantic -Wall -Wextra -Wundef -Wcast-align -Wchar-subscripts -Wnon-virtual-dtor -Wunused-local-typedefs -Wpointer-arith -Wwrite-strings -Wformat-security -Wlogical-op -Wdouble-promotion -Wno-psabi -Wno-variadic-macros -Wno-long-long -fno-check-new -fno-common -fstrict-aliasing -DCOMPILER_SUPPORT_Qunusedarguments -Werror   -Qunused-arguments -o CMakeFiles/cmTC_6ef1e.dir/src.cxx.o -c /home/cs18/eigen-eigen-323c052e1731/build/CMakeFiles/CMakeTmp/src.cxx
c++: error: unrecognized command line option '-Qunused-arguments'; did you mean '-Wunused-parameter'?
CMakeFiles/cmTC_6ef1e.dir/build.make:65: recipe for target 'CMakeFiles/cmTC_6ef1e.dir/src.cxx.o' failed
make[1]: *** [CMakeFiles/cmTC_6ef1e.dir/src.cxx.o] Error 1
make[1]: Leaving directory '/home/cs18/eigen-eigen-323c052e1731/build/CMakeFiles/CMakeTmp'
Makefile:126: recipe for target 'cmTC_6ef1e/fast' failed
make: *** [cmTC_6ef1e/fast] Error 2

Source file was:
int main() { return 0; }
Determining if the pthread_create exist failed with the following output:
Change Dir: /home/cs18/eigen-eigen-323c052e1731/build/CMakeFiles/CMakeTmp

Run Build Command:"/usr/bin/make" "cmTC_66f7d/fast"
/usr/bin/make -f CMakeFiles/cmTC_66f7d.dir/build.make CMakeFiles/cmTC_66f7d.dir/build
make[1]: Entering directory '/home/cs18/eigen-eigen-323c052e1731/build/CMakeFiles/CMakeTmp'
Building C object CMakeFiles/cmTC_66f7d.dir/CheckSymbolExists.c.o
/usr/bin/cc    -o CMakeFiles/cmTC_66f7d.dir/CheckSymbolExists.c.o   -c /home/cs18/eigen-eigen-323c052e1731/build/CMakeFiles/CMakeTmp/CheckSymbolExists.c
Linking C executable cmTC_66f7d
/usr/bin/cmake -E cmake_link_script CMakeFiles/cmTC_66f7d.dir/link.txt --verbose=1
/usr/bin/cc      -rdynamic CMakeFiles/cmTC_66f7d.dir/CheckSymbolExists.c.o  -o cmTC_66f7d 
CMakeFiles/cmTC_66f7d.dir/CheckSymbolExists.c.o: In function `main':
CheckSymbolExists.c:(.text+0x1b): undefined reference to `pthread_create'
collect2: error: ld returned 1 exit status
CMakeFiles/cmTC_66f7d.dir/build.make:97: recipe for target 'cmTC_66f7d' failed
make[1]: *** [cmTC_66f7d] Error 1
make[1]: Leaving directory '/home/cs18/eigen-eigen-323c052e1731/build/CMakeFiles/CMakeTmp'
Makefile:126: recipe for target 'cmTC_66f7d/fast' failed
make: *** [cmTC_66f7d/fast] Error 2

File /home/cs18/eigen-eigen-323c052e1731/build/CMakeFiles/CMakeTmp/CheckSymbolExists.c:
/* */
#include <pthread.h>

int main(int argc, char** argv)
{
  (void)argv;
#ifndef pthread_create
  return ((int*)(&pthread_create))[argc];
#else
  (void)argc;
  return 0;
#endif
}

Determining if the function pthread_create exists in the pthreads failed with the following output:
Change Dir: /home/cs18/eigen-eigen-323c052e1731/build/CMakeFiles/CMakeTmp

Run Build Command:"/usr/bin/make" "cmTC_ccde0/fast"
/usr/bin/make -f CMakeFiles/cmTC_ccde0.dir/build.make CMakeFiles/cmTC_ccde0.dir/build
make[1]: Entering directory '/home/cs18/eigen-eigen-323c052e1731/build/CMakeFiles/CMakeTmp'
Building C object CMakeFiles/cmTC_ccde0.dir/CheckFunctionExists.c.o
/usr/bin/cc   -DCHECK_FUNCTION_EXISTS=pthread_create   -o CMakeFiles/cmTC_ccde0.dir/CheckFunctionExists.c.o   -c /usr/share/cmake-3.10/Modules/CheckFunctionExists.c
Linking C executable cmTC_ccde0
/usr/bin/cmake -E cmake_link_script CMakeFiles/cmTC_ccde0.dir/link.txt --verbose=1
/usr/bin/cc  -DCHECK_FUNCTION_EXISTS=pthread_create    -rdynamic CMakeFiles/cmTC_ccde0.dir/CheckFunctionExists.c.o  -o cmTC_ccde0 -lpthreads 
/usr/bin/ld: cannot find -lpthreads
collect2: error: ld returned 1 exit status
CMakeFiles/cmTC_ccde0.dir/build.make:97: recipe for target 'cmTC_ccde0' failed
make[1]: *** [cmTC_ccde0] Error 1
make[1]: Leaving directory '/home/cs18/eigen-eigen-323c052e1731/build/CMakeFiles/CMakeTmp'
Makefile:126: recipe for target 'cmTC_ccde0/fast' failed
make: *** [cmTC_ccde0/fast] Error 2


